<?xml version="1.0" encoding="UTF-8"?>
<testng-results ignored="0" total="8" passed="6" failed="1" skipped="1">
  <reporter-output>
    <line>
      <![CDATA[Flipkart website launched successfully!]]>
    </line>
    <line>
      <![CDATA[Performnace Test Completed Successfully!]]>
    </line>
    <line>
      <![CDATA[Page Load Time: 1426 milliseconds]]>
    </line>
    <line>
      <![CDATA[Image has not been downloaded ! ]]>
    </line>
    <line>
      <![CDATA[This page has a scroll feature !]]>
    </line>
    <line>
      <![CDATA[Image loaded successfully after first scroll !]]>
    </line>
    <line>
      <![CDATA[Image loaded successfully after second scroll!]]>
    </line>
    <line>
      <![CDATA[Navigated to the bottom of the page !]]>
    </line>
  </reporter-output>
  <suite started-at="2023-08-01T11:29:12 IST" name="Default suite" finished-at="2023-08-01T11:29:42 IST" duration-ms="30414">
    <groups>
    </groups>
    <test started-at="2023-08-01T11:29:12 IST" name="Default test" finished-at="2023-08-01T11:29:42 IST" duration-ms="30414">
      <class name="com.example.demo.NewTest1">
        <test-method is-config="true" signature="beforeTest()[pri:0, instance:com.example.demo.NewTest1@428640fa]" started-at="2023-08-01T11:29:12 IST" name="beforeTest" finished-at="2023-08-01T11:29:16 IST" duration-ms="3467" status="PASS">
          <reporter-output>
          </reporter-output>
        </test-method> <!-- beforeTest -->
        <test-method signature="launchFlipkartTest()[pri:1, instance:com.example.demo.NewTest1@428640fa]" started-at="2023-08-01T11:29:16 IST" name="launchFlipkartTest" finished-at="2023-08-01T11:29:18 IST" duration-ms="1975" status="PASS">
          <reporter-output>
            <line>
              <![CDATA[Flipkart website launched successfully!]]>
            </line>
          </reporter-output>
        </test-method> <!-- launchFlipkartTest -->
        <test-method signature="performanceTest()[pri:2, instance:com.example.demo.NewTest1@428640fa]" started-at="2023-08-01T11:29:18 IST" name="performanceTest" finished-at="2023-08-01T11:29:19 IST" duration-ms="1430" status="PASS">
          <reporter-output>
            <line>
              <![CDATA[Performnace Test Completed Successfully!]]>
            </line>
            <line>
              <![CDATA[Page Load Time: 1426 milliseconds]]>
            </line>
          </reporter-output>
        </test-method> <!-- performanceTest -->
        <test-method signature="searchProductTest()[pri:3, instance:com.example.demo.NewTest1@428640fa]" started-at="2023-08-01T11:29:19 IST" name="searchProductTest" finished-at="2023-08-01T11:29:27 IST" duration-ms="8329" status="FAIL">
          <exception class="org.openqa.selenium.NoSuchElementException">
            <message>
              <![CDATA[no such element: Unable to locate element: {"method":"xpath","selector":"/html/body/div[1]/div/div[1]/div/div/div/div/div[1]/div/div[1]/div/div[2]/div[1]/div/div[1]/div/div/div/div/div[1]/a[2]/div/div/div/div/img"}
  (Session info: MicrosoftEdge=115.0.1901.188)
For documentation on this error, please visit: https://www.seleniumhq.org/exceptions/no_such_element.html
Build info: version: '3.141.59', revision: 'e82be7d358', time: '2018-11-14T08:25:48'
System info: host: 'DESKTOP-G3K29R7', ip: '172.31.144.1', os.name: 'Windows 10', os.arch: 'amd64', os.version: '10.0', java.version: '17.0.6'
Driver info: org.openqa.selenium.edge.EdgeDriver
Capabilities {acceptInsecureCerts: false, browserName: msedge, browserVersion: 115.0.1901.188, javascriptEnabled: true, ms:edgeOptions: {debuggerAddress: localhost:56767}, msedge: {msedgedriverVersion: 115.0.1901.188 (b51b39339c4..., userDataDir: C:\Users\Welcome\AppData\Lo...}, networkConnectionEnabled: false, pageLoadStrategy: normal, platform: WINDOWS, platformName: WINDOWS, proxy: Proxy(), setWindowRect: true, strictFileInteractability: false, timeouts: {implicit: 0, pageLoad: 300000, script: 30000}, unhandledPromptBehavior: dismiss and notify, webauthn:extension:credBlob: true, webauthn:extension:largeBlob: true, webauthn:extension:minPinLength: true, webauthn:extension:prf: true, webauthn:virtualAuthenticators: true}
Session ID: 72cd1a68909087b8e0458f1928ed8198
*** Element info: {Using=xpath, value=/html/body/div[1]/div/div[1]/div/div/div/div/div[1]/div/div[1]/div/div[2]/div[1]/div/div[1]/div/div/div/div/div[1]/a[2]/div/div/div/div/img}]]>
            </message>
            <full-stacktrace>
              <![CDATA[org.openqa.selenium.NoSuchElementException: no such element: Unable to locate element: {"method":"xpath","selector":"/html/body/div[1]/div/div[1]/div/div/div/div/div[1]/div/div[1]/div/div[2]/div[1]/div/div[1]/div/div/div/div/div[1]/a[2]/div/div/div/div/img"}
  (Session info: MicrosoftEdge=115.0.1901.188)
For documentation on this error, please visit: https://www.seleniumhq.org/exceptions/no_such_element.html
Build info: version: '3.141.59', revision: 'e82be7d358', time: '2018-11-14T08:25:48'
System info: host: 'DESKTOP-G3K29R7', ip: '172.31.144.1', os.name: 'Windows 10', os.arch: 'amd64', os.version: '10.0', java.version: '17.0.6'
Driver info: org.openqa.selenium.edge.EdgeDriver
Capabilities {acceptInsecureCerts: false, browserName: msedge, browserVersion: 115.0.1901.188, javascriptEnabled: true, ms:edgeOptions: {debuggerAddress: localhost:56767}, msedge: {msedgedriverVersion: 115.0.1901.188 (b51b39339c4..., userDataDir: C:\Users\Welcome\AppData\Lo...}, networkConnectionEnabled: false, pageLoadStrategy: normal, platform: WINDOWS, platformName: WINDOWS, proxy: Proxy(), setWindowRect: true, strictFileInteractability: false, timeouts: {implicit: 0, pageLoad: 300000, script: 30000}, unhandledPromptBehavior: dismiss and notify, webauthn:extension:credBlob: true, webauthn:extension:largeBlob: true, webauthn:extension:minPinLength: true, webauthn:extension:prf: true, webauthn:virtualAuthenticators: true}
Session ID: 72cd1a68909087b8e0458f1928ed8198
*** Element info: {Using=xpath, value=/html/body/div[1]/div/div[1]/div/div/div/div/div[1]/div/div[1]/div/div[2]/div[1]/div/div[1]/div/div/div/div/div[1]/a[2]/div/div/div/div/img}
at java.base/jdk.internal.reflect.NativeConstructorAccessorImpl.newInstance0(Native Method)
at java.base/jdk.internal.reflect.NativeConstructorAccessorImpl.newInstance(NativeConstructorAccessorImpl.java:77)
at java.base/jdk.internal.reflect.DelegatingConstructorAccessorImpl.newInstance(DelegatingConstructorAccessorImpl.java:45)
at java.base/java.lang.reflect.Constructor.newInstanceWithCaller(Constructor.java:499)
at java.base/java.lang.reflect.Constructor.newInstance(Constructor.java:480)
at org.openqa.selenium.remote.http.W3CHttpResponseCodec.createException(W3CHttpResponseCodec.java:187)
at org.openqa.selenium.remote.http.W3CHttpResponseCodec.decode(W3CHttpResponseCodec.java:122)
at org.openqa.selenium.remote.http.W3CHttpResponseCodec.decode(W3CHttpResponseCodec.java:49)
at org.openqa.selenium.remote.HttpCommandExecutor.execute(HttpCommandExecutor.java:158)
at org.openqa.selenium.remote.service.DriverCommandExecutor.execute(DriverCommandExecutor.java:83)
at org.openqa.selenium.remote.RemoteWebDriver.execute(RemoteWebDriver.java:552)
at org.openqa.selenium.remote.RemoteWebDriver.findElement(RemoteWebDriver.java:323)
at org.openqa.selenium.remote.RemoteWebDriver.findElementByXPath(RemoteWebDriver.java:428)
at org.openqa.selenium.By$ByXPath.findElement(By.java:353)
at org.openqa.selenium.remote.RemoteWebDriver.findElement(RemoteWebDriver.java:315)
at com.example.demo.NewTest1.searchProductTest(NewTest1.java:87)
at java.base/jdk.internal.reflect.NativeMethodAccessorImpl.invoke0(Native Method)
at java.base/jdk.internal.reflect.NativeMethodAccessorImpl.invoke(NativeMethodAccessorImpl.java:77)
at java.base/jdk.internal.reflect.DelegatingMethodAccessorImpl.invoke(DelegatingMethodAccessorImpl.java:43)
at java.base/java.lang.reflect.Method.invoke(Method.java:568)
at org.testng.internal.invokers.MethodInvocationHelper.invokeMethod(MethodInvocationHelper.java:139)
at org.testng.internal.invokers.TestInvoker.invokeMethod(TestInvoker.java:664)
at org.testng.internal.invokers.TestInvoker.invokeTestMethod(TestInvoker.java:227)
at org.testng.internal.invokers.MethodRunner.runInSequence(MethodRunner.java:50)
at org.testng.internal.invokers.TestInvoker$MethodInvocationAgent.invoke(TestInvoker.java:957)
at org.testng.internal.invokers.TestInvoker.invokeTestMethods(TestInvoker.java:200)
at org.testng.internal.invokers.TestMethodWorker.invokeTestMethods(TestMethodWorker.java:148)
at org.testng.internal.invokers.TestMethodWorker.run(TestMethodWorker.java:128)
at java.base/java.util.ArrayList.forEach(ArrayList.java:1511)
at org.testng.TestRunner.privateRun(TestRunner.java:848)
at org.testng.TestRunner.run(TestRunner.java:621)
at org.testng.SuiteRunner.runTest(SuiteRunner.java:443)
at org.testng.SuiteRunner.runSequentially(SuiteRunner.java:437)
at org.testng.SuiteRunner.privateRun(SuiteRunner.java:397)
at org.testng.SuiteRunner.run(SuiteRunner.java:336)
at org.testng.SuiteRunnerWorker.runSuite(SuiteRunnerWorker.java:52)
at org.testng.SuiteRunnerWorker.run(SuiteRunnerWorker.java:95)
at org.testng.TestNG.runSuitesSequentially(TestNG.java:1280)
at org.testng.TestNG.runSuitesLocally(TestNG.java:1200)
at org.testng.TestNG.runSuites(TestNG.java:1114)
at org.testng.TestNG.run(TestNG.java:1082)
at org.testng.remote.AbstractRemoteTestNG.run(AbstractRemoteTestNG.java:115)
at org.testng.remote.RemoteTestNG.initAndRun(RemoteTestNG.java:251)
at org.testng.remote.RemoteTestNG.main(RemoteTestNG.java:77)
]]>
            </full-stacktrace>
          </exception> <!-- org.openqa.selenium.NoSuchElementException -->
          <reporter-output>
          </reporter-output>
        </test-method> <!-- searchProductTest -->
        <test-method signature="imageLoadTest()[pri:4, instance:com.example.demo.NewTest1@428640fa]" started-at="2023-08-01T11:29:27 IST" name="imageLoadTest" finished-at="2023-08-01T11:29:27 IST" depends-on-methods="com.example.demo.NewTest1.searchProductTest" duration-ms="1" status="SKIP">
          <exception class="java.lang.Throwable">
            <message>
              <![CDATA[Method com.example.demo.NewTest1.imageLoadTest() on instance com.example.demo.NewTest1@428640fa depends on not successfully finished methods 
[com.example.demo.NewTest1.searchProductTest() on instance com.example.demo.NewTest1@428640fa]]]>
            </message>
            <full-stacktrace>
              <![CDATA[java.lang.Throwable: Method com.example.demo.NewTest1.imageLoadTest() on instance com.example.demo.NewTest1@428640fa depends on not successfully finished methods 
[com.example.demo.NewTest1.searchProductTest() on instance com.example.demo.NewTest1@428640fa]
at org.testng.internal.invokers.TestInvoker.invokeTestMethods(TestInvoker.java:156)
at org.testng.internal.invokers.TestMethodWorker.invokeTestMethods(TestMethodWorker.java:148)
at org.testng.internal.invokers.TestMethodWorker.run(TestMethodWorker.java:128)
at java.base/java.util.ArrayList.forEach(ArrayList.java:1511)
at org.testng.TestRunner.privateRun(TestRunner.java:848)
at org.testng.TestRunner.run(TestRunner.java:621)
at org.testng.SuiteRunner.runTest(SuiteRunner.java:443)
at org.testng.SuiteRunner.runSequentially(SuiteRunner.java:437)
at org.testng.SuiteRunner.privateRun(SuiteRunner.java:397)
at org.testng.SuiteRunner.run(SuiteRunner.java:336)
at org.testng.SuiteRunnerWorker.runSuite(SuiteRunnerWorker.java:52)
at org.testng.SuiteRunnerWorker.run(SuiteRunnerWorker.java:95)
at org.testng.TestNG.runSuitesSequentially(TestNG.java:1280)
at org.testng.TestNG.runSuitesLocally(TestNG.java:1200)
at org.testng.TestNG.runSuites(TestNG.java:1114)
at org.testng.TestNG.run(TestNG.java:1082)
at org.testng.remote.AbstractRemoteTestNG.run(AbstractRemoteTestNG.java:115)
at org.testng.remote.RemoteTestNG.initAndRun(RemoteTestNG.java:251)
at org.testng.remote.RemoteTestNG.main(RemoteTestNG.java:77)
]]>
            </full-stacktrace>
          </exception> <!-- java.lang.Throwable -->
          <reporter-output>
          </reporter-output>
        </test-method> <!-- imageLoadTest -->
        <test-method signature="imageDownloadedBeforeScrollTest()[pri:5, instance:com.example.demo.NewTest1@428640fa]" started-at="2023-08-01T11:29:27 IST" name="imageDownloadedBeforeScrollTest" finished-at="2023-08-01T11:29:35 IST" duration-ms="8015" status="PASS">
          <reporter-output>
            <line>
              <![CDATA[Image has not been downloaded ! ]]>
            </line>
          </reporter-output>
        </test-method> <!-- imageDownloadedBeforeScrollTest -->
        <test-method signature="scrollFeatureTest()[pri:6, instance:com.example.demo.NewTest1@428640fa]" started-at="2023-08-01T11:29:35 IST" name="scrollFeatureTest" finished-at="2023-08-01T11:29:35 IST" duration-ms="16" status="PASS">
          <reporter-output>
            <line>
              <![CDATA[This page has a scroll feature !]]>
            </line>
          </reporter-output>
        </test-method> <!-- scrollFeatureTest -->
        <test-method signature="frequencyTest()[pri:7, instance:com.example.demo.NewTest1@428640fa]" started-at="2023-08-01T11:29:35 IST" name="frequencyTest" finished-at="2023-08-01T11:29:39 IST" duration-ms="4080" status="PASS">
          <reporter-output>
            <line>
              <![CDATA[Image loaded successfully after first scroll !]]>
            </line>
            <line>
              <![CDATA[Image loaded successfully after second scroll!]]>
            </line>
          </reporter-output>
        </test-method> <!-- frequencyTest -->
        <test-method signature="navigateToBottomFeatureTest()[pri:8, instance:com.example.demo.NewTest1@428640fa]" started-at="2023-08-01T11:29:39 IST" name="navigateToBottomFeatureTest" finished-at="2023-08-01T11:29:39 IST" duration-ms="17" status="PASS">
          <reporter-output>
            <line>
              <![CDATA[Navigated to the bottom of the page !]]>
            </line>
          </reporter-output>
        </test-method> <!-- navigateToBottomFeatureTest -->
        <test-method is-config="true" signature="afterTest()[pri:0, instance:com.example.demo.NewTest1@428640fa]" started-at="2023-08-01T11:29:39 IST" name="afterTest" finished-at="2023-08-01T11:29:42 IST" duration-ms="3004" status="PASS">
          <reporter-output>
          </reporter-output>
        </test-method> <!-- afterTest -->
      </class> <!-- com.example.demo.NewTest1 -->
    </test> <!-- Default test -->
  </suite> <!-- Default suite -->
</testng-results>
